%!Adobe-FontList 1.14
%Locale:0x404

%BeginFont
Handler:DirectoryHandler
FontType:Invalid
OutlineFileName:D:\WebDesign\HomeSite\DW2015_final\menu\Font\fontawesome-webfont.eot
FileModTime:1376880258
%EndFont

%BeginFont
Handler:DirectoryHandler
FontType:Invalid
OutlineFileName:D:\WebDesign\HomeSite\DW2015_final\menu\Font\fontawesome-webfont.svg
FileModTime:1376880264
%EndFont

%BeginFont
Handler:DirectoryHandler
FontType:TrueType
FontName:FontAwesome
FamilyName:FontAwesome
StyleName:Regular
FullName:FontAwesome Regular
MenuName:FontAwesome
StyleBits:0
WritingScript:Roman
OutlineFileName:D:\WebDesign\HomeSite\DW2015_final\menu\Font\fontawesome-webfont.ttf
DataFormat:sfntData
FileLength:79076
FileModTime:1376880270
WeightClass:400
WidthClass:5
AngleClass:0
%EndFont

%BeginFont
Handler:DirectoryHandler
FontType:Invalid
OutlineFileName:D:\WebDesign\HomeSite\DW2015_final\menu\Font\fontawesome-webfont.woff
FileModTime:1376880274
%EndFont

%BeginFont
Handler:DirectoryHandler
FontType:Type1
FontName:FontAwesome
FamilyName:FontAwesome
StyleName:Regular
FullName:FontAwesome
MenuName:FontAwesome
StyleBits:0
WritingScript:Roman
OutlineFileName:D:\WebDesign\HomeSite\DW2015_final\menu\Font\FontAwesome.otf
DataFormat:sfntData
UsesStandardEncoding:yes
isCFF:yes
FileLength:61896
FileModTime:1376880252
WeightClass:400
WidthClass:5
AngleClass:0
%EndFont

